<?xml version="1.0" encoding="UTF-8"?>
<robot generator="Robot 7.1.1 (Python 3.12.3 on win32)" generated="2024-12-29T12:29:09.368933" rpa="false" schemaversion="5">
<suite id="s1" name="LoginPage" source="C:\nishant_poc\robot_poc\robot_poc1\Tests\LoginPage.robot">
<test id="s1-t1" name="This is the first test case" line="6">
<kw name="Open Browser" owner="SeleniumLibrary">
<msg time="2024-12-29T12:29:09.643169" level="INFO">Opening browser 'chrome' to base url 'http://localhost:8090/login'.</msg>
<arg>http://localhost:8090/login</arg>
<arg>chrome</arg>
<doc>Opens a new browser instance to the optional ``url``.</doc>
<status status="PASS" start="2024-12-29T12:29:09.643169" elapsed="1.513336"/>
</kw>
<kw name="Close Browser" owner="SeleniumLibrary">
<doc>Closes the current browser.</doc>
<status status="PASS" start="2024-12-29T12:29:11.157648" elapsed="2.105242"/>
</kw>
<doc>Login Page Test</doc>
<tag>smoke test</tag>
<status status="PASS" start="2024-12-29T12:29:09.643169" elapsed="3.620233"/>
</test>
<status status="PASS" start="2024-12-29T12:29:09.372961" elapsed="3.890441"/>
</suite>
<statistics>
<total>
<stat pass="1" fail="0" skip="0">All Tests</stat>
</total>
<tag>
<stat pass="1" fail="0" skip="0">smoke test</stat>
</tag>
<suite>
<stat pass="1" fail="0" skip="0" id="s1" name="LoginPage">LoginPage</stat>
</suite>
</statistics>
<errors>
</errors>
</robot>
