<?xml version="1.0" encoding="UTF-8"?>
<robot generator="Robot 7.1.1 (Python 3.12.3 on win32)" generated="2024-12-29T13:42:32.731888" rpa="false" schemaversion="5">
<suite id="s1" name="LoginPage" source="C:\nishant_poc\robot_poc\robot_poc\robot_poc\Tests\LoginPage.robot">
<test id="s1-t1" name="This is the first test case" line="6">
<kw name="Open Browser" owner="SeleniumLibrary">
<msg time="2024-12-29T13:42:32.942051" level="INFO">Opening browser 'chrome' to base url 'http://localhost:8090/login'.</msg>
<arg>http://localhost:8090/login</arg>
<arg>chrome</arg>
<doc>Opens a new browser instance to the optional ``url``.</doc>
<status status="PASS" start="2024-12-29T13:42:32.942051" elapsed="1.666495"/>
</kw>
<kw name="Input Text" owner="SeleniumLibrary">
<msg time="2024-12-29T13:42:34.609545" level="INFO">Typing text 'selenium@test.com' into text field 'xpath=//span[text()='Email']//..//..//..//input'.</msg>
<arg>xpath=//span[text()='Email']//..//..//..//input</arg>
<arg>selenium@test.com</arg>
<doc>Types the given ``text`` into the text field identified by ``locator``.</doc>
<status status="PASS" start="2024-12-29T13:42:34.608546" elapsed="0.218912"/>
</kw>
<kw name="Input Text" owner="SeleniumLibrary">
<msg time="2024-12-29T13:42:34.827458" level="INFO">Typing text 'selenium2025!' into text field 'xpath=//span[text()='Password']//..//..//..//input'.</msg>
<arg>xpath=//span[text()='Password']//..//..//..//input</arg>
<arg>selenium2025!</arg>
<doc>Types the given ``text`` into the text field identified by ``locator``.</doc>
<status status="PASS" start="2024-12-29T13:42:34.827458" elapsed="0.162750"/>
</kw>
<kw name="Click Button" owner="SeleniumLibrary">
<msg time="2024-12-29T13:42:34.992890" level="INFO">Clicking button 'xpath=//button[@type='submit' and text()='Login']'.</msg>
<arg>xpath=//button[@type='submit' and text()='Login']</arg>
<doc>Clicks the button identified by ``locator``.</doc>
<status status="PASS" start="2024-12-29T13:42:34.992519" elapsed="0.110780"/>
</kw>
<kw name="Wait Until Element Contains" owner="SeleniumLibrary">
<arg>xpath=//h1[text()='Profile']</arg>
<arg>Profile</arg>
<doc>Waits until the element ``locator`` contains ``text``.</doc>
<status status="PASS" start="2024-12-29T13:42:35.103814" elapsed="0.234610"/>
</kw>
<kw name="Element Should Contain" owner="SeleniumLibrary">
<msg time="2024-12-29T13:42:35.356181" level="INFO">Element 'xpath=//h1[text()='Profile']' contains text 'Profile'.</msg>
<arg>xpath=//h1[text()='Profile']</arg>
<arg>Profile</arg>
<doc>Verifies that element ``locator`` contains text ``expected``.</doc>
<status status="PASS" start="2024-12-29T13:42:35.338424" elapsed="0.017757"/>
</kw>
<kw name="Close Browser" owner="SeleniumLibrary">
<doc>Closes the current browser.</doc>
<status status="PASS" start="2024-12-29T13:42:35.357189" elapsed="2.158070"/>
</kw>
<doc>Login Page Test</doc>
<tag>smoke test</tag>
<status status="PASS" start="2024-12-29T13:42:32.939044" elapsed="4.576215"/>
</test>
<status status="PASS" start="2024-12-29T13:42:32.733401" elapsed="4.782901"/>
</suite>
<statistics>
<total>
<stat pass="1" fail="0" skip="0">All Tests</stat>
</total>
<tag>
<stat pass="1" fail="0" skip="0">smoke test</stat>
</tag>
<suite>
<stat pass="1" fail="0" skip="0" id="s1" name="LoginPage">LoginPage</stat>
</suite>
</statistics>
<errors>
</errors>
</robot>
